  algos.cpp
c:\users\a\documents\projects\mpf\algos\algos.cpp(24): warning C4244: 'initializing': conversion from 'double' to 'll', possible loss of data
c:\users\a\documents\projects\mpf\algos\algos.cpp(25): warning C4244: 'initializing': conversion from 'double' to 'int', possible loss of data
c:\users\a\documents\projects\mpf\algos\algos.cpp(91): warning C4244: '=': conversion from '_Ty1' to 't', possible loss of data
          with
          [
              _Ty1=double
          ]
c:\users\a\documents\projects\mpf\algos\algos.cpp(91): warning C4244: '=': conversion from '_Ty2' to 't', possible loss of data
          with
          [
              _Ty2=double
          ]
c:\users\a\documents\projects\mpf\algos\algos.cpp(95): warning C4244: '=': conversion from '_Ty1' to 't', possible loss of data
          with
          [
              _Ty1=double
          ]
c:\users\a\documents\projects\mpf\algos\algos.cpp(95): warning C4244: '=': conversion from '_Ty2' to 't', possible loss of data
          with
          [
              _Ty2=double
          ]
c:\users\a\documents\projects\mpf\algos\algos.cpp(101): warning C4244: '=': conversion from '_Ty1' to 't', possible loss of data
          with
          [
              _Ty1=double
          ]
c:\users\a\documents\projects\mpf\algos\algos.cpp(101): warning C4244: '=': conversion from '_Ty2' to 't', possible loss of data
          with
          [
              _Ty2=double
          ]
c:\users\a\documents\projects\mpf\algos\algos.cpp(110): warning C4244: '=': conversion from '_Ty1' to 't', possible loss of data
          with
          [
              _Ty1=double
          ]
c:\users\a\documents\projects\mpf\algos\algos.cpp(110): warning C4244: '=': conversion from '_Ty2' to 't', possible loss of data
          with
          [
              _Ty2=double
          ]
c:\users\a\documents\projects\mpf\algos\algos.cpp(136): warning C4244: '=': conversion from '_Ty1' to 't', possible loss of data
          with
          [
              _Ty1=double
          ]
c:\users\a\documents\projects\mpf\algos\algos.cpp(136): warning C4244: '=': conversion from '_Ty2' to 't', possible loss of data
          with
          [
              _Ty2=double
          ]
c:\users\a\documents\projects\mpf\algos\algos.cpp(1076): warning C4244: 'initializing': conversion from 'double' to 'int', possible loss of data
  Generating code
  1 of 1274 functions (<0.1%) were compiled, the rest were copied from previous compilation.
    0 functions were new in current compilation
    0 functions had inline decision re-evaluated but remain unchanged
  Finished generating code
  algos.vcxproj -> C:\Users\a\Documents\projects\MPF\x64\Release\algos.exe
